{"Event": {"System": {"Provider": {"Name": "Microsoft-Windows-Security-Auditing"}, "EventID": 4624, "TimeCreated": {"SystemTime": "2024-03-15T02:10:44.000Z"}, "Computer": "MERIDIAN-FIN-WS01.meridian.internal", "Channel": "Security"}, "EventData": {"SubjectUserName": "SYSTEM", "TargetUserName": "svc_batch_finance", "TargetDomainName": "MERIDIAN", "LogonType": "3", "IpAddress": "10.99.4.22", "ProcessName": "C:\\Windows\\System32\\services.exe", "LogonProcessName": "NtLmSsp"}}}
{"Event": {"System": {"Provider": {"Name": "Microsoft-Windows-Security-Auditing"}, "EventID": 4688, "TimeCreated": {"SystemTime": "2024-03-15T02:11:02.000Z"}, "Computer": "MERIDIAN-FIN-WS01.meridian.internal", "Channel": "Security"}, "EventData": {"SubjectUserName": "svc_batch_finance", "SubjectDomainName": "MERIDIAN", "NewProcessName": "C:\\Windows\\System32\\cmd.exe", "ParentProcessName": "C:\\Windows\\System32\\svchost.exe", "CommandLine": "cmd.exe /c powershell -enc JABjAD0ATgBlAHcALQBPAGIAagBlAGMA...", "ProcessId": "0x1a4c"}}}
{"Event": {"System": {"Provider": {"Name": "Microsoft-Windows-Security-Auditing"}, "EventID": 4688, "TimeCreated": {"SystemTime": "2024-03-15T02:11:03.000Z"}, "Computer": "MERIDIAN-FIN-WS01.meridian.internal", "Channel": "Security"}, "EventData": {"SubjectUserName": "svc_batch_finance", "SubjectDomainName": "MERIDIAN", "NewProcessName": "C:\\Windows\\System32\\WindowsPowerShell\\v1.0\\powershell.exe", "ParentProcessName": "C:\\Windows\\System32\\cmd.exe", "CommandLine": "powershell -enc JABjAD0ATgBlAHcALQBPAGIAagBlAGMAdAAgAFMAeQBzAHQAZQBtAC4ATgBlAHQ=", "ProcessId": "0x2b3d"}}}
{"Event": {"System": {"Provider": {"Name": "Microsoft-Windows-Security-Auditing"}, "EventID": 4625, "TimeCreated": {"SystemTime": "2024-03-15T02:09:55.000Z"}, "Computer": "MERIDIAN-FIN-WS01.meridian.internal", "Channel": "Security"}, "EventData": {"SubjectUserName": "-", "TargetUserName": "Administrator", "TargetDomainName": "MERIDIAN", "LogonType": "3", "IpAddress": "10.99.4.22", "FailureReason": "%%2313", "Status": "0xc000006d", "SubStatus": "0xc0000064"}}}
{"Event": {"System": {"Provider": {"Name": "Microsoft-Windows-Eventlog"}, "EventID": 1102, "TimeCreated": {"SystemTime": "2024-03-15T02:31:15.000Z"}, "Computer": "MERIDIAN-FIN-WS01.meridian.internal", "Channel": "Security"}, "EventData": {"SubjectUserName": "svc_batch_finance", "SubjectDomainName": "MERIDIAN", "SubjectLogonId": "0x3f7a22"}}}
